<?xml version="1.0" encoding="UTF-8"?>
<!-- Generated by org.testng.reporters.JUnitReportReporter -->
<testsuite skipped="0" hostname="hi" name="com.seleniumdemo.test.HandleautoSuggest" tests="1" failures="0" timestamp="17 Jan 2018 18:15:59 GMT" time="69.721" errors="0">
  <testcase name="setUp" time="69.721" classname="com.seleniumdemo.test.HandleautoSuggest"/>
</testsuite> <!-- com.seleniumdemo.test.HandleautoSuggest -->
