<?xml version="1.0" encoding="UTF-8"?>
<!-- Generated by org.testng.reporters.JUnitReportReporter -->
<testsuite skipped="0" hostname="hi" name="com.seleniumdemo.test.FrameHandles" tests="1" failures="0" timestamp="27 Dec 2017 18:23:47 GMT" time="19.471" errors="0">
  <testcase name="handleFrames" time="19.471" classname="com.seleniumdemo.test.FrameHandles"/>
</testsuite> <!-- com.seleniumdemo.test.FrameHandles -->
