<?xml version="1.0" encoding="UTF-8"?>
<!-- Generated by org.testng.reporters.JUnitReportReporter -->
<testsuite skipped="0" hostname="hi" name="com.seleniumdemo.test.A" tests="2" failures="0" timestamp="07 Jan 2018 18:46:13 GMT" time="0.038" errors="0">
  <testcase name="testPrintMessageA" time="0.035" classname="com.seleniumdemo.test.A"/>
  <testcase name="testSalutationMessageC" time="0.003" classname="com.seleniumdemo.test.A"/>
</testsuite> <!-- com.seleniumdemo.test.A -->
