<?xml version="1.0" encoding="UTF-8"?>
<!-- Generated by org.testng.reporters.JUnitReportReporter -->
<testsuite skipped="0" hostname="hi" name="com.seleniumdemo.test.Ibibo_Demo" tests="1" failures="0" timestamp="03 Jan 2018 18:16:57 GMT" time="22.830" errors="0">
  <testcase name="book_flight" time="22.830" classname="com.seleniumdemo.test.Ibibo_Demo"/>
</testsuite> <!-- com.seleniumdemo.test.Ibibo_Demo -->
