<?xml version="1.0" encoding="UTF-8"?>
<!-- Generated by org.testng.reporters.JUnitReportReporter -->
<testsuite skipped="1" hostname="hi" name="com.seleniumdemo.test.Handle_BrowserNotification" tests="2" failures="0" timestamp="07 Jan 2018 08:58:22 GMT" time="15.988" errors="0">
  <testcase name="hanldlechromebrowsernotification" time="15.988" classname="com.seleniumdemo.test.Handle_BrowserNotification"/>
  <testcase name="handlefirefoxBrowser" classname="com.seleniumdemo.test.Handle_BrowserNotification">
    <skipped/>
  </testcase> <!-- handlefirefoxBrowser -->
</testsuite> <!-- com.seleniumdemo.test.Handle_BrowserNotification -->
