<?xml version="1.0" encoding="UTF-8"?>
<!-- Generated by org.testng.reporters.JUnitReportReporter -->
<testsuite skipped="0" hostname="hi" name="com.seleniumdemo.test.GroupTestExample" tests="2" failures="0" timestamp="07 Jan 2018 18:46:13 GMT" time="0.010" errors="0">
  <testcase name="testPrintMessageB" time="0.003" classname="com.seleniumdemo.test.GroupTestExample"/>
  <testcase name="testSalutationMessageD" time="0.007" classname="com.seleniumdemo.test.GroupTestExample"/>
</testsuite> <!-- com.seleniumdemo.test.GroupTestExample -->
